Aligning contigs to reference...
	Aligning contigs to the reference
Filtering alignments...
Parsing coords...
Loading reference...
	Loaded [consensus_Consensus_consensus_threshold_0_quality_20]
	Total Regions: 1
	Total Region Length: 29863
Analyzing contigs...
CONTIG: 0 (11035bp)
Best alignment score: 11034.0 (LEN: 11034, IDY: 100.00), Total number of alignments: 1
		One align captures most of this contig: 33 11066 | 2 11035 | 11034 11034 | 100.0 | consensus_Consensus_consensus_threshold_0_quality_20 0

CONTIG: 3 (873bp)
Best alignment score: 871.0 (LEN: 872, IDY: 99.89), Total number of alignments: 1
		One align captures most of this contig: 28200 29070 | 873 2 | 871 872 | 99.89 | consensus_Consensus_consensus_threshold_0_quality_20 3

CONTIG: 4 (11088bp)
Best alignment score: 11086.9 (LEN: 11088, IDY: 99.99), Total number of alignments: 1
		One align captures most of this contig: 34 11120 | 11088 1 | 11087 11088 | 99.99 | consensus_Consensus_consensus_threshold_0_quality_20 4

CONTIG: 5 (4531bp)
Best alignment score: 4530.0 (LEN: 4530, IDY: 100.00), Total number of alignments: 1
		One align captures most of this contig: 25310 29839 | 4531 2 | 4530 4530 | 100.0 | consensus_Consensus_consensus_threshold_0_quality_20 5

CONTIG: 6 (6441bp)
Best alignment score: 6439.7 (LEN: 6441, IDY: 99.98), Total number of alignments: 1
		One align captures most of this contig: 15886 22325 | 1 6441 | 6440 6441 | 99.98 | consensus_Consensus_consensus_threshold_0_quality_20 6

CONTIG: 7 (2831bp)
Best alignment score: 2830.0 (LEN: 2830, IDY: 100.00), Total number of alignments: 1
		One align captures most of this contig: 22507 25336 | 2 2831 | 2830 2830 | 100.0 | consensus_Consensus_consensus_threshold_0_quality_20 7

CONTIG: 9 (16030bp)
Best alignment score: 16027.4 (LEN: 16029, IDY: 99.99), Total number of alignments: 1
		One align captures most of this contig: 34 16061 | 16030 2 | 16028 16029 | 99.99 | consensus_Consensus_consensus_threshold_0_quality_20 9

CONTIG: 10 (10223bp)
Best alignment score: 10221.0 (LEN: 10222, IDY: 99.99), Total number of alignments: 1
		One align captures most of this contig: 12104 22325 | 2 10223 | 10222 10222 | 99.99 | consensus_Consensus_consensus_threshold_0_quality_20 10

CONTIG: 11 (875bp)
Best alignment score: 873.0 (LEN: 874, IDY: 99.89), Total number of alignments: 1
		One align captures most of this contig: 28169 29041 | 2 875 | 873 874 | 99.89 | consensus_Consensus_consensus_threshold_0_quality_20 11

CONTIG: 13 (7501bp)
Best alignment score: 7499.2 (LEN: 7500, IDY: 99.99), Total number of alignments: 1
		One align captures most of this contig: 3567 11066 | 2 7501 | 7500 7500 | 99.99 | consensus_Consensus_consensus_threshold_0_quality_20 13

CONTIG: 14 (6742bp)
Best alignment score: 6741.3 (LEN: 6742, IDY: 99.99), Total number of alignments: 1
		One align captures most of this contig: 34 6774 | 6742 1 | 6741 6742 | 99.99 | consensus_Consensus_consensus_threshold_0_quality_20 14

CONTIG: 15 (3742bp)
Best alignment score: 3739.9 (LEN: 3741, IDY: 99.97), Total number of alignments: 1
		One align captures most of this contig: 34 3774 | 3742 2 | 3741 3741 | 99.97 | consensus_Consensus_consensus_threshold_0_quality_20 15

CONTIG: 16 (1826bp)
Best alignment score: 1824.1 (LEN: 1825, IDY: 99.95), Total number of alignments: 1
		One align captures most of this contig: 23512 25336 | 2 1826 | 1825 1825 | 99.95 | consensus_Consensus_consensus_threshold_0_quality_20 16

CONTIG: 17 (805bp)
Best alignment score: 804.0 (LEN: 804, IDY: 100.00), Total number of alignments: 1
		One align captures most of this contig: 29036 29839 | 2 805 | 804 804 | 100.0 | consensus_Consensus_consensus_threshold_0_quality_20 17

CONTIG: 18 (828bp)
Best alignment score: 827.0 (LEN: 828, IDY: 99.88), Total number of alignments: 1
		One align captures most of this contig: 29013 29839 | 1 828 | 827 828 | 99.88 | consensus_Consensus_consensus_threshold_0_quality_20 18

CONTIG: 19 (1315bp)
Best alignment score: 1312.9 (LEN: 1314, IDY: 99.92), Total number of alignments: 1
		One align captures most of this contig: 22507 23820 | 1315 2 | 1314 1314 | 99.92 | consensus_Consensus_consensus_threshold_0_quality_20 19

CONTIG: 20 (2832bp)
Best alignment score: 2830.9 (LEN: 2832, IDY: 99.96), Total number of alignments: 1
		One align captures most of this contig: 22507 25338 | 2832 1 | 2832 2832 | 99.96 | consensus_Consensus_consensus_threshold_0_quality_20 20

CONTIG: 21 (11102bp)
Best alignment score: 11099.9 (LEN: 11101, IDY: 99.99), Total number of alignments: 1
		One align captures most of this contig: 34 11135 | 11102 2 | 11102 11101 | 99.99 | consensus_Consensus_consensus_threshold_0_quality_20 21

CONTIG: 22 (11289bp)
Best alignment score: 11287.9 (LEN: 11289, IDY: 99.99), Total number of alignments: 1
		One align captures most of this contig: 11038 22325 | 1 11289 | 11288 11289 | 99.99 | consensus_Consensus_consensus_threshold_0_quality_20 22

CONTIG: 23 (4530bp)
Best alignment score: 4529.0 (LEN: 4529, IDY: 100.00), Total number of alignments: 1
		One align captures most of this contig: 25310 29838 | 4530 2 | 4529 4529 | 100.0 | consensus_Consensus_consensus_threshold_0_quality_20 23

CONTIG: 24 (3000bp)
Best alignment score: 2999.1 (LEN: 3000, IDY: 99.97), Total number of alignments: 1
		One align captures most of this contig: 25310 28308 | 3000 1 | 2999 3000 | 99.97 | consensus_Consensus_consensus_threshold_0_quality_20 24

CONTIG: 25 (3787bp)
Best alignment score: 3786.0 (LEN: 3786, IDY: 100.00), Total number of alignments: 1
		One align captures most of this contig: 25256 29041 | 2 3787 | 3786 3786 | 100.0 | consensus_Consensus_consensus_threshold_0_quality_20 25

CONTIG: 26 (11034bp)
Best alignment score: 11033.0 (LEN: 11033, IDY: 100.00), Total number of alignments: 1
		One align captures most of this contig: 34 11066 | 2 11034 | 11033 11033 | 100.0 | consensus_Consensus_consensus_threshold_0_quality_20 26

CONTIG: 27 (22293bp)
Best alignment score: 22292.0 (LEN: 22292, IDY: 100.00), Total number of alignments: 1
		One align captures most of this contig: 34 22325 | 22293 2 | 22292 22292 | 100.0 | consensus_Consensus_consensus_threshold_0_quality_20 27

CONTIG: 28 (22292bp)
Best alignment score: 22291.0 (LEN: 22291, IDY: 100.00), Total number of alignments: 1
		One align captures most of this contig: 34 22324 | 22292 2 | 22291 22291 | 100.0 | consensus_Consensus_consensus_threshold_0_quality_20 28

CONTIG: 30 (4479bp)
Best alignment score: 4477.1 (LEN: 4478, IDY: 99.98), Total number of alignments: 1
		One align captures most of this contig: 6590 11066 | 2 4479 | 4477 4478 | 99.98 | consensus_Consensus_consensus_threshold_0_quality_20 30

CONTIG: 31 (21085bp)
Best alignment score: 21085.0 (LEN: 21085, IDY: 100.00), Total number of alignments: 1
		One align captures most of this contig: 34 21117 | 21085 1 | 21084 21085 | 100.0 | consensus_Consensus_consensus_threshold_0_quality_20 31

CONTIG: 32 (12200bp)
Best alignment score: 12197.8 (LEN: 12199, IDY: 99.99), Total number of alignments: 1
		One align captures most of this contig: 34 12232 | 12200 2 | 12199 12199 | 99.99 | consensus_Consensus_consensus_threshold_0_quality_20 32

Analyzing coverage...
Writing SNPs into /home/bfreire/Datasets/DatosDavid/results_david/quast_results/results_2020_10_05_16_46_40/combined_reference/contigs_reports/minimap_output/84_0-30.used_snps.gz

Analysis is finished!
Founded SNPs were written into /home/bfreire/Datasets/DatosDavid/results_david/quast_results/results_2020_10_05_16_46_40/combined_reference/contigs_reports/minimap_output/84_0-30.used_snps.gz

Results:
	Local Misassemblies: 0
	Misassemblies: 0
		Relocations: 0
		Translocations: 0
		Interspecies translocations: 0
		Inversions: 0
	Potentially Misassembled Contigs (i/s translocations): 0
		Possible Misassemblies: 0
	Scaffold gap extensive misassemblies: 0
	Scaffold gap local misassemblies: 0
	Misassembled Contigs: 0
	Misassembled Contig Bases: 0
	Misassemblies Inter-Contig Overlap: 0
Unaligned Contigs: 0 + 0 part
Half Unaligned Contigs with Misassemblies: 0
Unaligned Contig Bases: 0

Ambiguously Mapped Contigs: 0
Total Bases in Ambiguously Mapped Contigs: 0
Extra Bases in Ambiguously Mapped Contigs: 0
Note that --allow-ambiguity option was set to "one" and only first alignment per each of these contigs was used.

	Covered Bases: 29626

	SNPs: 7
	Insertions: 11
	Deletions: 1

