Aligning contigs to reference...
	Aligning contigs to the reference
Filtering alignments...
Parsing coords...
Loading reference...
	Loaded [reference_covid_MN908947.3]
	Total Regions: 1
	Total Region Length: 29903
Analyzing contigs...
CONTIG: 0 (3440bp)
Best alignment score: 3439.0 (LEN: 3440, IDY: 99.97), Total number of alignments: 1
		One align captures most of this contig: 15854 19292 | 1 3440 | 3439 3440 | 99.97 | reference_covid_MN908947.3 0

CONTIG: 1 (1239bp)
Best alignment score: 1238.0 (LEN: 1238, IDY: 100.00), Total number of alignments: 1
		One align captures most of this contig: 21102 22339 | 1239 2 | 1238 1238 | 100.0 | reference_covid_MN908947.3 1

CONTIG: 3 (1238bp)
Best alignment score: 1237.0 (LEN: 1237, IDY: 100.00), Total number of alignments: 1
		One align captures most of this contig: 21102 22338 | 1238 2 | 1237 1237 | 100.0 | reference_covid_MN908947.3 3

CONTIG: 4 (2315bp)
Best alignment score: 2313.1 (LEN: 2314, IDY: 99.96), Total number of alignments: 1
		One align captures most of this contig: 16980 19292 | 2 2315 | 2313 2314 | 99.96 | reference_covid_MN908947.3 4

CONTIG: 5 (3101bp)
Best alignment score: 3100.1 (LEN: 3101, IDY: 99.97), Total number of alignments: 1
		One align captures most of this contig: 26021 29120 | 3101 1 | 3100 3101 | 99.97 | reference_covid_MN908947.3 5

CONTIG: 6 (9522bp)
Best alignment score: 9518.1 (LEN: 9521, IDY: 99.97), Total number of alignments: 1
		One align captures most of this contig: 39 9559 | 9522 2 | 9521 9521 | 99.97 | reference_covid_MN908947.3 6

CONTIG: 7 (19254bp)
Best alignment score: 19249.1 (LEN: 19253, IDY: 99.98), Total number of alignments: 1
		One align captures most of this contig: 39 19291 | 19254 2 | 19253 19253 | 99.98 | reference_covid_MN908947.3 7

CONTIG: 8 (17068bp)
Best alignment score: 17063.6 (LEN: 17067, IDY: 99.98), Total number of alignments: 1
		One align captures most of this contig: 39 17104 | 17068 2 | 17066 17067 | 99.98 | reference_covid_MN908947.3 8

CONTIG: 9 (845bp)
Best alignment score: 843.0 (LEN: 844, IDY: 99.88), Total number of alignments: 1
		One align captures most of this contig: 29009 29851 | 2 845 | 843 844 | 99.88 | reference_covid_MN908947.3 9

CONTIG: 10 (728bp)
Best alignment score: 727.0 (LEN: 728, IDY: 99.86), Total number of alignments: 1
		One align captures most of this contig: 26021 26747 | 728 1 | 727 728 | 99.86 | reference_covid_MN908947.3 10

CONTIG: 11 (12684bp)
Best alignment score: 12680.5 (LEN: 12683, IDY: 99.98), Total number of alignments: 1
		One align captures most of this contig: 6611 19292 | 2 12684 | 12682 12683 | 99.98 | reference_covid_MN908947.3 11

CONTIG: 12 (11140bp)
Best alignment score: 11136.7 (LEN: 11140, IDY: 99.97), Total number of alignments: 1
		One align captures most of this contig: 39 11177 | 11140 1 | 11139 11140 | 99.97 | reference_covid_MN908947.3 12

CONTIG: 13 (13909bp)
Best alignment score: 13906.6 (LEN: 13908, IDY: 99.99), Total number of alignments: 1
		One align captures most of this contig: 5385 19292 | 2 13909 | 13908 13908 | 99.99 | reference_covid_MN908947.3 13

CONTIG: 14 (2830bp)
Best alignment score: 2828.0 (LEN: 2830, IDY: 99.93), Total number of alignments: 1
		One align captures most of this contig: 22524 25353 | 2830 1 | 2830 2830 | 99.93 | reference_covid_MN908947.3 14

CONTIG: 16 (2787bp)
Best alignment score: 2784.9 (LEN: 2786, IDY: 99.96), Total number of alignments: 1
		One align captures most of this contig: 19554 22339 | 2 2787 | 2786 2786 | 99.96 | reference_covid_MN908947.3 16

CONTIG: 17 (19255bp)
Best alignment score: 19251.1 (LEN: 19255, IDY: 99.98), Total number of alignments: 1
		One align captures most of this contig: 38 19292 | 1 19255 | 19255 19255 | 99.98 | reference_covid_MN908947.3 17

CONTIG: 18 (800bp)
Best alignment score: 799.0 (LEN: 799, IDY: 100.00), Total number of alignments: 1
		One align captures most of this contig: 29052 29850 | 800 2 | 799 799 | 100.0 | reference_covid_MN908947.3 18

CONTIG: 19 (6785bp)
Best alignment score: 6781.3 (LEN: 6784, IDY: 99.96), Total number of alignments: 1
		One align captures most of this contig: 39 6821 | 6785 2 | 6783 6784 | 99.96 | reference_covid_MN908947.3 19

CONTIG: 20 (11823bp)
Best alignment score: 11818.5 (LEN: 11822, IDY: 99.97), Total number of alignments: 1
		One align captures most of this contig: 39 11859 | 11823 2 | 11821 11822 | 99.97 | reference_covid_MN908947.3 20

CONTIG: 21 (16108bp)
Best alignment score: 16103.8 (LEN: 16107, IDY: 99.98), Total number of alignments: 1
		One align captures most of this contig: 39 16144 | 16108 2 | 16106 16107 | 99.98 | reference_covid_MN908947.3 21

CONTIG: 22 (2281bp)
Best alignment score: 2279.1 (LEN: 2280, IDY: 99.96), Total number of alignments: 1
		One align captures most of this contig: 26021 28299 | 2281 2 | 2279 2280 | 99.96 | reference_covid_MN908947.3 22

CONTIG: 23 (8242bp)
Best alignment score: 8239.4 (LEN: 8241, IDY: 99.98), Total number of alignments: 1
		One align captures most of this contig: 11053 19292 | 2 8242 | 8240 8241 | 99.98 | reference_covid_MN908947.3 23

CONTIG: 24 (3236bp)
Best alignment score: 3235.0 (LEN: 3236, IDY: 99.97), Total number of alignments: 1
		One align captures most of this contig: 26617 29851 | 1 3236 | 3235 3236 | 99.97 | reference_covid_MN908947.3 24

CONTIG: 25 (801bp)
Best alignment score: 800.0 (LEN: 800, IDY: 100.00), Total number of alignments: 1
		One align captures most of this contig: 29052 29851 | 801 2 | 800 800 | 100.0 | reference_covid_MN908947.3 25

CONTIG: 27 (7545bp)
Best alignment score: 7541.7 (LEN: 7544, IDY: 99.97), Total number of alignments: 1
		One align captures most of this contig: 11750 19292 | 2 7545 | 7543 7544 | 99.97 | reference_covid_MN908947.3 27

CONTIG: 28 (19254bp)
Best alignment score: 19249.1 (LEN: 19253, IDY: 99.98), Total number of alignments: 1
		One align captures most of this contig: 40 19292 | 2 19254 | 19253 19253 | 99.98 | reference_covid_MN908947.3 28

CONTIG: 29 (11162bp)
Best alignment score: 11157.7 (LEN: 11161, IDY: 99.97), Total number of alignments: 1
		One align captures most of this contig: 39 11198 | 11162 2 | 11160 11161 | 99.97 | reference_covid_MN908947.3 29

CONTIG: 30 (8272bp)
Best alignment score: 8269.3 (LEN: 8271, IDY: 99.98), Total number of alignments: 1
		One align captures most of this contig: 11023 19292 | 2 8272 | 8270 8271 | 99.98 | reference_covid_MN908947.3 30

CONTIG: 32 (2829bp)
Best alignment score: 2826.9 (LEN: 2828, IDY: 99.96), Total number of alignments: 1
		One align captures most of this contig: 22524 25351 | 2 2829 | 2828 2828 | 99.96 | reference_covid_MN908947.3 32

CONTIG: 33 (2786bp)
Best alignment score: 2783.9 (LEN: 2785, IDY: 99.96), Total number of alignments: 1
		One align captures most of this contig: 19555 22339 | 2 2786 | 2785 2785 | 99.96 | reference_covid_MN908947.3 33

CONTIG: 34 (3874bp)
Best alignment score: 3872.8 (LEN: 3874, IDY: 99.97), Total number of alignments: 1
		One align captures most of this contig: 25978 29851 | 1 3874 | 3874 3874 | 99.97 | reference_covid_MN908947.3 34

CONTIG: 35 (9888bp)
Best alignment score: 9885.0 (LEN: 9887, IDY: 99.98), Total number of alignments: 1
		One align captures most of this contig: 9406 19292 | 2 9888 | 9887 9887 | 99.98 | reference_covid_MN908947.3 35

CONTIG: 36 (985bp)
Best alignment score: 983.0 (LEN: 984, IDY: 99.90), Total number of alignments: 1
		One align captures most of this contig: 18310 19292 | 2 985 | 983 984 | 99.9 | reference_covid_MN908947.3 36

CONTIG: 37 (18917bp)
Best alignment score: 18912.2 (LEN: 18916, IDY: 99.98), Total number of alignments: 1
		One align captures most of this contig: 376 19292 | 2 18917 | 18917 18916 | 99.98 | reference_covid_MN908947.3 37

CONTIG: 38 (18396bp)
Best alignment score: 18391.3 (LEN: 18395, IDY: 99.98), Total number of alignments: 1
		One align captures most of this contig: 39 18432 | 18396 2 | 18394 18395 | 99.98 | reference_covid_MN908947.3 38

CONTIG: 39 (4578bp)
Best alignment score: 4577.0 (LEN: 4577, IDY: 100.00), Total number of alignments: 1
		One align captures most of this contig: 25275 29851 | 2 4578 | 4577 4577 | 100.0 | reference_covid_MN908947.3 39

CONTIG: 40 (1737bp)
Best alignment score: 1735.0 (LEN: 1736, IDY: 99.94), Total number of alignments: 1
		One align captures most of this contig: 28117 29851 | 2 1737 | 1735 1736 | 99.94 | reference_covid_MN908947.3 40

CONTIG: 41 (5566bp)
Best alignment score: 5563.2 (LEN: 5566, IDY: 99.95), Total number of alignments: 1
		One align captures most of this contig: 39 5604 | 5566 1 | 5566 5566 | 99.95 | reference_covid_MN908947.3 41

CONTIG: 42 (19255bp)
Best alignment score: 19250.1 (LEN: 19254, IDY: 99.98), Total number of alignments: 1
		One align captures most of this contig: 39 19292 | 19255 2 | 19254 19254 | 99.98 | reference_covid_MN908947.3 42

Analyzing coverage...
Writing SNPs into /home/bfreire/Datasets/DatosDavid/results_david/quast_results/results_2020_10_05_17_23_26/combined_reference/contigs_reports/minimap_output/33_380-30.used_snps.gz

Analysis is finished!
Founded SNPs were written into /home/bfreire/Datasets/DatosDavid/results_david/quast_results/results_2020_10_05_17_23_26/combined_reference/contigs_reports/minimap_output/33_380-30.used_snps.gz

Results:
	Local Misassemblies: 0
	Misassemblies: 0
		Relocations: 0
		Translocations: 0
		Interspecies translocations: 0
		Inversions: 0
	Potentially Misassembled Contigs (i/s translocations): 0
		Possible Misassemblies: 0
	Scaffold gap extensive misassemblies: 0
	Scaffold gap local misassemblies: 0
	Misassembled Contigs: 0
	Misassembled Contig Bases: 0
	Misassemblies Inter-Contig Overlap: 0
Unaligned Contigs: 0 + 0 part
Half Unaligned Contigs with Misassemblies: 0
Unaligned Contig Bases: 0

Ambiguously Mapped Contigs: 0
Total Bases in Ambiguously Mapped Contigs: 0
Extra Bases in Ambiguously Mapped Contigs: 0
Note that --allow-ambiguity option was set to "one" and only first alignment per each of these contigs was used.

	Covered Bases: 29369

	SNPs: 51
	Insertions: 20
	Deletions: 1

