Aligning contigs to reference...
	Aligning contigs to the reference
Filtering alignments...
Parsing coords...
Loading reference...
	Loaded [reference_covid_MN908947.3]
	Total Regions: 1
	Total Region Length: 29903
Analyzing contigs...
CONTIG: 0 (6590bp)
Best alignment score: 6585.7 (LEN: 6589, IDY: 99.95), Total number of alignments: 1
		One align captures most of this contig: 9503 16090 | 6590 2 | 6588 6589 | 99.95 | reference_covid_MN908947.3 0

CONTIG: 1 (1651bp)
Best alignment score: 1650.0 (LEN: 1651, IDY: 99.94), Total number of alignments: 1
		One align captures most of this contig: 9503 11154 | 1651 1 | 1652 1651 | 99.94 | reference_covid_MN908947.3 1

CONTIG: 2 (11035bp)
Best alignment score: 11030.7 (LEN: 11034, IDY: 99.97), Total number of alignments: 1
		One align captures most of this contig: 48 11081 | 2 11035 | 11034 11034 | 99.97 | reference_covid_MN908947.3 2

CONTIG: 3 (3748bp)
Best alignment score: 3742.9 (LEN: 3747, IDY: 99.89), Total number of alignments: 1
		One align captures most of this contig: 48 3794 | 3748 2 | 3747 3747 | 99.89 | reference_covid_MN908947.3 3

CONTIG: 4 (10055bp)
Best alignment score: 10053.0 (LEN: 10055, IDY: 99.98), Total number of alignments: 1
		One align captures most of this contig: 11053 21107 | 1 10055 | 10055 10055 | 99.98 | reference_covid_MN908947.3 4

CONTIG: 5 (7438bp)
Best alignment score: 7436.3 (LEN: 7437, IDY: 99.99), Total number of alignments: 1
		One align captures most of this contig: 3645 11081 | 2 7438 | 7437 7437 | 99.99 | reference_covid_MN908947.3 5

CONTIG: 6 (1253bp)
Best alignment score: 1249.0 (LEN: 1252, IDY: 99.76), Total number of alignments: 1
		One align captures most of this contig: 22584 23835 | 1253 2 | 1252 1252 | 99.76 | reference_covid_MN908947.3 6

CONTIG: 7 (1614bp)
Best alignment score: 1612.0 (LEN: 1613, IDY: 99.94), Total number of alignments: 1
		One align captures most of this contig: 9469 11081 | 2 1614 | 1613 1613 | 99.94 | reference_covid_MN908947.3 7

CONTIG: 8 (7272bp)
Best alignment score: 7265.2 (LEN: 7271, IDY: 99.92), Total number of alignments: 1
		One align captures most of this contig: 22584 29854 | 7272 2 | 7271 7271 | 99.92 | reference_covid_MN908947.3 8

CONTIG: 13 (884bp)
Best alignment score: 883.0 (LEN: 884, IDY: 99.89), Total number of alignments: 1
		One align captures most of this contig: 28215 29097 | 884 1 | 883 884 | 99.89 | reference_covid_MN908947.3 13

CONTIG: 14 (5165bp)
Best alignment score: 5165.0 (LEN: 5165, IDY: 100.00), Total number of alignments: 1
		One align captures most of this contig: 15966 21130 | 5165 1 | 5165 5165 | 100.0 | reference_covid_MN908947.3 14

CONTIG: 18 (10056bp)
Best alignment score: 10053.0 (LEN: 10056, IDY: 99.97), Total number of alignments: 1
		One align captures most of this contig: 11053 21107 | 1 10056 | 10055 10056 | 99.97 | reference_covid_MN908947.3 18

CONTIG: 19 (4538bp)
Best alignment score: 4536.1 (LEN: 4537, IDY: 99.98), Total number of alignments: 1
		One align captures most of this contig: 6546 11081 | 2 4538 | 4536 4537 | 99.98 | reference_covid_MN908947.3 19

CONTIG: 24 (6743bp)
Best alignment score: 6739.0 (LEN: 6743, IDY: 99.94), Total number of alignments: 1
		One align captures most of this contig: 48 6789 | 6743 1 | 6742 6743 | 99.94 | reference_covid_MN908947.3 24

CONTIG: 25 (1238bp)
Best alignment score: 1237.0 (LEN: 1237, IDY: 100.00), Total number of alignments: 1
		One align captures most of this contig: 21102 22338 | 1238 2 | 1237 1237 | 100.0 | reference_covid_MN908947.3 25

CONTIG: 26 (7271bp)
Best alignment score: 7264.2 (LEN: 7270, IDY: 99.92), Total number of alignments: 1
		One align captures most of this contig: 22584 29853 | 7271 2 | 7270 7270 | 99.92 | reference_covid_MN908947.3 26

CONTIG: 27 (867bp)
Best alignment score: 865.0 (LEN: 866, IDY: 99.88), Total number of alignments: 1
		One align captures most of this contig: 28192 29056 | 2 867 | 865 866 | 99.88 | reference_covid_MN908947.3 27

CONTIG: 28 (1262bp)
Best alignment score: 1261.0 (LEN: 1262, IDY: 99.92), Total number of alignments: 1
		One align captures most of this contig: 21079 22339 | 1 1262 | 1261 1262 | 99.92 | reference_covid_MN908947.3 28

CONTIG: 30 (1239bp)
Best alignment score: 1238.0 (LEN: 1238, IDY: 100.00), Total number of alignments: 1
		One align captures most of this contig: 21102 22339 | 1239 2 | 1238 1238 | 100.0 | reference_covid_MN908947.3 30

CONTIG: 31 (11036bp)
Best alignment score: 11031.7 (LEN: 11035, IDY: 99.97), Total number of alignments: 1
		One align captures most of this contig: 47 11081 | 2 11036 | 11035 11035 | 99.97 | reference_covid_MN908947.3 31

CONTIG: 32 (1663bp)
Best alignment score: 1661.0 (LEN: 1662, IDY: 99.94), Total number of alignments: 1
		One align captures most of this contig: 9503 11163 | 1663 2 | 1661 1662 | 99.94 | reference_covid_MN908947.3 32

CONTIG: 33 (867bp)
Best alignment score: 865.0 (LEN: 866, IDY: 99.88), Total number of alignments: 1
		One align captures most of this contig: 28215 29079 | 867 2 | 865 866 | 99.88 | reference_covid_MN908947.3 33

CONTIG: 34 (2743bp)
Best alignment score: 2740.9 (LEN: 2742, IDY: 99.96), Total number of alignments: 1
		One align captures most of this contig: 9503 12244 | 2743 2 | 2742 2742 | 99.96 | reference_covid_MN908947.3 34

CONTIG: 35 (6474bp)
Best alignment score: 6465.9 (LEN: 6473, IDY: 99.89), Total number of alignments: 1
		One align captures most of this contig: 22584 29056 | 2 6474 | 6473 6473 | 99.89 | reference_covid_MN908947.3 35

CONTIG: 36 (5664bp)
Best alignment score: 5657.2 (LEN: 5664, IDY: 99.88), Total number of alignments: 1
		One align captures most of this contig: 22584 28246 | 5664 1 | 5663 5664 | 99.88 | reference_covid_MN908947.3 36

CONTIG: 37 (5224bp)
Best alignment score: 5222.0 (LEN: 5223, IDY: 99.98), Total number of alignments: 1
		One align captures most of this contig: 15886 21107 | 2 5224 | 5222 5223 | 99.98 | reference_covid_MN908947.3 37

CONTIG: 38 (1202bp)
Best alignment score: 1199.0 (LEN: 1201, IDY: 99.83), Total number of alignments: 1
		One align captures most of this contig: 22584 23784 | 2 1202 | 1201 1201 | 99.83 | reference_covid_MN908947.3 38

CONTIG: 40 (8969bp)
Best alignment score: 8965.3 (LEN: 8968, IDY: 99.97), Total number of alignments: 1
		One align captures most of this contig: 12140 21107 | 2 8969 | 8968 8968 | 99.97 | reference_covid_MN908947.3 40

Analyzing coverage...
Writing SNPs into /home/bfreire/Datasets/DatosDavid/results_david/quast_results/results_2020_10_05_17_24_55/combined_reference/contigs_reports/minimap_output/84_38-30.used_snps.gz

Analysis is finished!
Founded SNPs were written into /home/bfreire/Datasets/DatosDavid/results_david/quast_results/results_2020_10_05_17_24_55/combined_reference/contigs_reports/minimap_output/84_38-30.used_snps.gz

Results:
	Local Misassemblies: 0
	Misassemblies: 0
		Relocations: 0
		Translocations: 0
		Interspecies translocations: 0
		Inversions: 0
	Potentially Misassembled Contigs (i/s translocations): 0
		Possible Misassemblies: 0
	Scaffold gap extensive misassemblies: 0
	Scaffold gap local misassemblies: 0
	Misassembled Contigs: 0
	Misassembled Contig Bases: 0
	Misassemblies Inter-Contig Overlap: 0
Unaligned Contigs: 0 + 0 part
Half Unaligned Contigs with Misassemblies: 0
Unaligned Contig Bases: 0

Ambiguously Mapped Contigs: 0
Total Bases in Ambiguously Mapped Contigs: 0
Extra Bases in Ambiguously Mapped Contigs: 0
Note that --allow-ambiguity option was set to "one" and only first alignment per each of these contigs was used.

	Covered Bases: 29564

	SNPs: 55
	Insertions: 11
	Deletions: 1

