/home/bfreire/quast-5.0.1/quast.pyc --colors #E31A1C --ls solid --no-check-meta --contig-thresholds 1000,5000,10000,25000,50000 /home/bfreire/Datasets/DatosDavid/results_david/quast_results/results_2020_10_06_10_57_06/quast_corrected_input/84_38-30_to_reference_covid.fasta -R /home/bfreire/Datasets/DatosDavid/results_david/quast_results/results_2020_10_06_10_57_06/quast_corrected_input/reference_covid.fa -o /home/bfreire/Datasets/DatosDavid/results_david/quast_results/results_2020_10_06_10_57_06/runs_per_reference/reference_covid --labels 84_38.30

Started: 2020-10-06 10:57:12

Logging to /home/bfreire/Datasets/DatosDavid/results_david/quast_results/results_2020_10_06_10_57_06/runs_per_reference/reference_covid/quast.log
NOTICE: Maximum number of threads is set to 8 (use --threads option to set it manually)

CWD: /home/bfreire/Datasets/DatosDavid/results_david
Main parameters: 
  MODE: meta, threads: 8, minimum contig length: 500, minimum alignment length: 65, ambiguity: one, \
  threshold for extensive misassembly size: 1000

Reference:
  /home/bfreire/Datasets/DatosDavid/results_david/quast_results/results_2020_10_06_10_57_06/quast_corrected_input/reference_covid.fa ==> reference_covid

Contigs:
  Pre-processing...
  /home/bfreire/Datasets/DatosDavid/results_david/quast_results/results_2020_10_06_10_57_06/quast_corrected_input/84_38-30_to_reference_covid.fasta ==> 84_38.30

2020-10-06 10:57:12
Running Basic statistics processor...
  Reference genome:
    reference_covid.fa, length = 29903, num fragments = 1, GC % = 37.97
  Contig files: 
    84_38.30
  Calculating N50 and L50...
    84_38.30, N50 = 7271, L50 = 8, Total length = 133761, GC % = 37.95, # N's per 100 kbp =  0.00
  Drawing Nx plot...
    saved to /home/bfreire/Datasets/DatosDavid/results_david/quast_results/results_2020_10_06_10_57_06/runs_per_reference/reference_covid/basic_stats/Nx_plot.pdf
  Drawing NGx plot...
    saved to /home/bfreire/Datasets/DatosDavid/results_david/quast_results/results_2020_10_06_10_57_06/runs_per_reference/reference_covid/basic_stats/NGx_plot.pdf
  Drawing cumulative plot...
    saved to /home/bfreire/Datasets/DatosDavid/results_david/quast_results/results_2020_10_06_10_57_06/runs_per_reference/reference_covid/basic_stats/cumulative_plot.pdf
  Drawing GC content plot...
    saved to /home/bfreire/Datasets/DatosDavid/results_david/quast_results/results_2020_10_06_10_57_06/runs_per_reference/reference_covid/basic_stats/GC_content_plot.pdf
  Drawing 84_38.30 GC content plot...
    saved to /home/bfreire/Datasets/DatosDavid/results_david/quast_results/results_2020_10_06_10_57_06/runs_per_reference/reference_covid/basic_stats/84_38.30_GC_content_plot.pdf
Done.

2020-10-06 10:57:13
Running Contig analyzer...
  84_38.30
  Logging to files /home/bfreire/Datasets/DatosDavid/results_david/quast_results/results_2020_10_06_10_57_06/runs_per_reference/reference_covid/contigs_reports/contigs_report_84_38-30.stdout and contigs_report_84_38-30.stderr...
  Aligning contigs to the reference
  /home/bfreire/quast-5.0.1/quast_libs/minimap2/minimap2 -c -x asm5 -B5 -O4,16 --no-long-join \
  -r 85 -N 50 -s 65 -z 200 --mask-level 0.9 --min-occ 200 -g 2500 --score-N 2 --cs \
  -t 8 quast_results/results_2020_10_06_10_57_06/quast_corrected_input/reference_covid.fa \
  quast_results/results_2020_10_06_10_57_06/quast_corrected_input/84_38-30_to_reference_covid.fasta \
  > quast_results/results_2020_10_06_10_57_06/runs_per_reference/reference_covid/contigs_reports/minimap_output/84_38-30.coords_tmp \
  2>> quast_results/results_2020_10_06_10_57_06/runs_per_reference/reference_covid/contigs_reports/contigs_report_84_38-30.stderr
  Analysis is finished.

  Creating total report...
    saved to /home/bfreire/Datasets/DatosDavid/results_david/quast_results/results_2020_10_06_10_57_06/runs_per_reference/reference_covid/contigs_reports/misassemblies_report.txt, misassemblies_report.tsv, and misassemblies_report.tex
  Transposed version of total report...
    saved to /home/bfreire/Datasets/DatosDavid/results_david/quast_results/results_2020_10_06_10_57_06/runs_per_reference/reference_covid/contigs_reports/transposed_report_misassemblies.txt, transposed_report_misassemblies.tsv, and transposed_report_misassemblies.tex
  Creating total report...
    saved to /home/bfreire/Datasets/DatosDavid/results_david/quast_results/results_2020_10_06_10_57_06/runs_per_reference/reference_covid/contigs_reports/unaligned_report.txt, unaligned_report.tsv, and unaligned_report.tex
  Drawing misassemblies by types plot...
    saved to /home/bfreire/Datasets/DatosDavid/results_david/quast_results/results_2020_10_06_10_57_06/runs_per_reference/reference_covid/contigs_reports/misassemblies_plot.pdf
  Drawing misassemblies FRCurve plot...
    saved to /home/bfreire/Datasets/DatosDavid/results_david/quast_results/results_2020_10_06_10_57_06/runs_per_reference/reference_covid/contigs_reports/misassemblies_frcurve_plot.pdf
Done.

2020-10-06 10:57:14
Running NA-NGA calculation...
  84_38.30, Largest alignment = 11035, NA50 = 7270, NGA50 = 11034, LA50 = 8, LGA50 = 2
  Drawing cumulative plot...
    saved to /home/bfreire/Datasets/DatosDavid/results_david/quast_results/results_2020_10_06_10_57_06/runs_per_reference/reference_covid/aligned_stats/cumulative_plot.pdf
  Drawing NAx plot...
    saved to /home/bfreire/Datasets/DatosDavid/results_david/quast_results/results_2020_10_06_10_57_06/runs_per_reference/reference_covid/aligned_stats/NAx_plot.pdf
  Drawing NGAx plot...
    saved to /home/bfreire/Datasets/DatosDavid/results_david/quast_results/results_2020_10_06_10_57_06/runs_per_reference/reference_covid/aligned_stats/NGAx_plot.pdf
Done.

2020-10-06 10:57:14
Running Genome analyzer...
  NOTICE: No file with genomic features were provided. Use the --features option if you want to specify it.

  NOTICE: No file with operons were provided. Use the -O option if you want to specify it.
  84_38.30
  Analysis is finished.
  Skipping drawing Genome fraction, % histogram... (less than 2 columns histogram makes no sense)
Done.

NOTICE: Genes are not predicted by default. Use --gene-finding or --glimmer option to enable it.

2020-10-06 10:57:14
Creating large visual summaries...
This may take a while: press Ctrl-C to skip this step..
  1 of 2: Creating Icarus viewers...
  2 of 2: Creating PDF with all tables and plots...
Done

2020-10-06 10:57:16
RESULTS:
  Text versions of total report are saved to /home/bfreire/Datasets/DatosDavid/results_david/quast_results/results_2020_10_06_10_57_06/runs_per_reference/reference_covid/report.txt, report.tsv, and report.tex
  Text versions of transposed total report are saved to /home/bfreire/Datasets/DatosDavid/results_david/quast_results/results_2020_10_06_10_57_06/runs_per_reference/reference_covid/transposed_report.txt, transposed_report.tsv, and transposed_report.tex
  HTML version (interactive tables and plots) is saved to /home/bfreire/Datasets/DatosDavid/results_david/quast_results/results_2020_10_06_10_57_06/runs_per_reference/reference_covid/report.html
  PDF version (tables and plots) is saved to /home/bfreire/Datasets/DatosDavid/results_david/quast_results/results_2020_10_06_10_57_06/runs_per_reference/reference_covid/report.pdf
  Icarus (contig browser) is saved to /home/bfreire/Datasets/DatosDavid/results_david/quast_results/results_2020_10_06_10_57_06/runs_per_reference/reference_covid/icarus.html
